  [1m[36m (18.2ms)[0m  [1mCREATE TABLE "schema_migrations" ("version" varchar(255) NOT NULL) [0m
  [1m[35m (0.2ms)[0m  select sqlite_version(*)
  [1m[36m (23.0ms)[0m  [1mCREATE UNIQUE INDEX "unique_schema_migrations" ON "schema_migrations" ("version")[0m
  [1m[35mActiveRecord::SchemaMigration Load (0.2ms)[0m  SELECT "schema_migrations".* FROM "schema_migrations"
Migrating to CreateMovies (20121121163535)
  [1m[36m (0.1ms)[0m  [1mbegin transaction[0m
  [1m[35m (0.3ms)[0m  CREATE TABLE "movies" ("id" INTEGER PRIMARY KEY AUTOINCREMENT NOT NULL, "title" varchar(255), "rating" varchar(255), "total_gross" decimal, "created_at" datetime, "updated_at" datetime) 
  [1m[36mSQL (0.3ms)[0m  [1mINSERT INTO "schema_migrations" ("version") VALUES (?)[0m  [["version", "20121121163535"]]
  [1m[35m (18.8ms)[0m  commit transaction
Migrating to AddFieldsToMovies (20121121180707)
  [1m[36m (0.2ms)[0m  [1mbegin transaction[0m
  [1m[35m (0.6ms)[0m  ALTER TABLE "movies" ADD "description" text
  [1m[36m (0.3ms)[0m  [1mALTER TABLE "movies" ADD "released_on" date[0m
  [1m[35mSQL (0.2ms)[0m  INSERT INTO "schema_migrations" ("version") VALUES (?)  [["version", "20121121180707"]]
  [1m[36m (20.5ms)[0m  [1mcommit transaction[0m
Migrating to AddMoreFieldsToMovies (20121210234158)
  [1m[35m (0.2ms)[0m  begin transaction
  [1m[36m (0.6ms)[0m  [1mALTER TABLE "movies" ADD "cast" varchar(255)[0m
  [1m[35m (0.4ms)[0m  ALTER TABLE "movies" ADD "director" varchar(255)
  [1m[36m (0.3ms)[0m  [1mALTER TABLE "movies" ADD "duration" varchar(255)[0m
  [1m[35m (0.3ms)[0m  ALTER TABLE "movies" ADD "image_file_name" varchar(255)
  [1m[36mSQL (0.2ms)[0m  [1mINSERT INTO "schema_migrations" ("version") VALUES (?)[0m  [["version", "20121210234158"]]
  [1m[35m (20.0ms)[0m  commit transaction
  [1m[36mActiveRecord::SchemaMigration Load (0.2ms)[0m  [1mSELECT "schema_migrations".* FROM "schema_migrations"[0m
  [1m[36mActiveRecord::SchemaMigration Load (0.1ms)[0m  [1mSELECT "schema_migrations".* FROM "schema_migrations"[0m
  [1m[35m (0.1ms)[0m  begin transaction
  [1m[36mSQL (0.3ms)[0m  [1mINSERT INTO "movies" ("cast", "created_at", "description", "director", "duration", "image_file_name", "rating", "released_on", "title", "total_gross", "updated_at") VALUES (?, ?, ?, ?, ?, ?, ?, ?, ?, ?, ?)[0m  [["cast", "Robert Downey Jr., Gwyneth Paltrow and Terrence Howard"], ["created_at", "2016-02-18 03:17:46.195072"], ["description", "When wealthy industrialist Tony Stark is forced to build an armored suit after a life-threatening incident, he ultimately decides to use its technology to fight against evil."], ["director", "Jon Favreau"], ["duration", "126 min"], ["image_file_name", "ironman.jpg"], ["rating", "PG-13"], ["released_on", "2008-05-02"], ["title", "Iron Man"], ["total_gross", 318412101.0], ["updated_at", "2016-02-18 03:17:46.195072"]]
  [1m[35m (14.8ms)[0m  commit transaction
  [1m[36m (0.1ms)[0m  [1mbegin transaction[0m
  [1m[35mSQL (0.2ms)[0m  INSERT INTO "movies" ("cast", "created_at", "description", "director", "duration", "image_file_name", "rating", "released_on", "title", "total_gross", "updated_at") VALUES (?, ?, ?, ?, ?, ?, ?, ?, ?, ?, ?)  [["cast", "Christopher Reeve, Margot Kidder and Gene Hackman"], ["created_at", "2016-02-18 03:17:46.215280"], ["description", "An alien orphan is sent from his dying planet to Earth, where he grows up to become his adoptive home's first and greatest super-hero."], ["director", "Richard Donner"], ["duration", "143 min"], ["image_file_name", "superman.jpg"], ["rating", "PG"], ["released_on", "1978-12-15"], ["title", "Superman"], ["total_gross", 134218018.0], ["updated_at", "2016-02-18 03:17:46.215280"]]
  [1m[36m (13.5ms)[0m  [1mcommit transaction[0m
  [1m[35m (0.1ms)[0m  begin transaction
  [1m[36mSQL (0.2ms)[0m  [1mINSERT INTO "movies" ("cast", "created_at", "description", "director", "duration", "image_file_name", "rating", "released_on", "title", "total_gross", "updated_at") VALUES (?, ?, ?, ?, ?, ?, ?, ?, ?, ?, ?)[0m  [["cast", "Tobey Maguire, Kirsten Dunst and Willem Dafoe"], ["created_at", "2016-02-18 03:17:46.230611"], ["description", "When bitten by a genetically modified spider, a nerdy, shy, and awkward high school student gains spider-like abilities that he eventually must use to fight evil as a superhero after tragedy befalls his family."], ["director", "Sam Raimi"], ["duration", "121 min"], ["image_file_name", "spiderman.jpg"], ["rating", "PG-13"], ["released_on", "2002-05-03"], ["title", "Spider-Man"], ["total_gross", 403706375.0], ["updated_at", "2016-02-18 03:17:46.230611"]]
  [1m[35m (13.4ms)[0m  commit transaction
  [1m[36m (0.1ms)[0m  [1mbegin transaction[0m
  [1m[35mSQL (0.2ms)[0m  INSERT INTO "movies" ("cast", "created_at", "description", "director", "duration", "image_file_name", "rating", "released_on", "title", "total_gross", "updated_at") VALUES (?, ?, ?, ?, ?, ?, ?, ?, ?, ?, ?)  [["cast", "Michael Keaton, Jack Nicholson and Kim Basinger"], ["created_at", "2016-02-18 03:17:46.245796"], ["description", "The Dark Knight of Gotham City begins his war on crime with his first major enemy being the clownishly homicidal Joker."], ["director", "Tim Burton"], ["duration", "126 min"], ["image_file_name", "batman.jpg"], ["rating", "PG-13"], ["released_on", "1989-06-23"], ["title", "Batman"], ["total_gross", 251188924.0], ["updated_at", "2016-02-18 03:17:46.245796"]]
  [1m[36m (12.9ms)[0m  [1mcommit transaction[0m
  [1m[35m (0.1ms)[0m  begin transaction
  [1m[36mSQL (0.2ms)[0m  [1mINSERT INTO "movies" ("cast", "created_at", "description", "director", "duration", "image_file_name", "rating", "released_on", "title", "total_gross", "updated_at") VALUES (?, ?, ?, ?, ?, ?, ?, ?, ?, ?, ?)[0m  [["cast", "Halle Berry, Sharon Stone and Benjamin Bratt"], ["created_at", "2016-02-18 03:17:46.260797"], ["description", "Patience Philips seems destined to spend her life apologizing for taking up space. Despite her artistic ability&mdash;she has a more than respectable career as a graphic designer."], ["director", "Jean-Christophe 'Pitof' Comar"], ["duration", "101 min"], ["image_file_name", "catwoman.jpg"], ["rating", "PG-13"], ["released_on", "2004-07-23"], ["title", "Catwoman"], ["total_gross", 40200000.0], ["updated_at", "2016-02-18 03:17:46.260797"]]
  [1m[35m (14.8ms)[0m  commit transaction
  [1m[36m (0.1ms)[0m  [1mbegin transaction[0m
  [1m[35mSQL (0.3ms)[0m  INSERT INTO "movies" ("cast", "created_at", "description", "director", "duration", "image_file_name", "rating", "released_on", "title", "total_gross", "updated_at") VALUES (?, ?, ?, ?, ?, ?, ?, ?, ?, ?, ?)  [["cast", "Bruce Wayne, Gojira"], ["created_at", "2016-02-18 03:17:46.277932"], ["description", "An epic battle between The Caped Crusader and the fire-breathing dinosaur Gojira. Hang on to your popcorn, kids!"], ["director", "Ishiro Honda"], ["duration", "211 min"], ["image_file_name", "batman-vs-godzilla.jpg"], ["rating", "PG-13"], ["released_on", "2016-02-28"], ["title", "Batman vs. Godzilla"], ["total_gross", 387623910.0], ["updated_at", "2016-02-18 03:17:46.277932"]]
  [1m[36m (14.2ms)[0m  [1mcommit transaction[0m


Started GET "/" for 127.0.0.1 at 2016-02-17 21:18:00 -0600
  [1m[36mActiveRecord::SchemaMigration Load (0.1ms)[0m  [1mSELECT "schema_migrations".* FROM "schema_migrations"[0m
Processing by MoviesController#index as HTML
  [1m[35mMovie Load (0.3ms)[0m  SELECT "movies".* FROM "movies"  WHERE (released_on <= '2016-02-18 03:18:00.267967')  ORDER BY released_on desc
  Rendered movies/index.html.erb within layouts/application (54.8ms)
  Rendered layouts/_header.html.erb (0.7ms)
  Rendered layouts/_sidebar.html.erb (0.6ms)
  Rendered layouts/_footer.html.erb (0.3ms)
Completed 200 OK in 1060ms (Views: 1050.2ms | ActiveRecord: 0.6ms)


Started GET "/assets/application.css?body=1" for 127.0.0.1 at 2016-02-17 21:18:01 -0600


Started GET "/assets/normalize.css?body=1" for 127.0.0.1 at 2016-02-17 21:18:01 -0600


Started GET "/assets/movies.css?body=1" for 127.0.0.1 at 2016-02-17 21:18:01 -0600


Started GET "/assets/elements.css?body=1" for 127.0.0.1 at 2016-02-17 21:18:01 -0600


Started GET "/assets/layout.css?body=1" for 127.0.0.1 at 2016-02-17 21:18:01 -0600


Started GET "/assets/jquery.js?body=1" for 127.0.0.1 at 2016-02-17 21:18:01 -0600


Started GET "/assets/buttons.css?body=1" for 127.0.0.1 at 2016-02-17 21:18:01 -0600


Started GET "/assets/forms.css?body=1" for 127.0.0.1 at 2016-02-17 21:18:01 -0600


Started GET "/assets/jquery_ujs.js?body=1" for 127.0.0.1 at 2016-02-17 21:18:01 -0600


Started GET "/assets/movies.js?body=1" for 127.0.0.1 at 2016-02-17 21:18:01 -0600


Started GET "/assets/application.js?body=1" for 127.0.0.1 at 2016-02-17 21:18:01 -0600


Started GET "/assets/ironman.jpg" for 127.0.0.1 at 2016-02-17 21:18:01 -0600


Started GET "/assets/turbolinks.js?body=1" for 127.0.0.1 at 2016-02-17 21:18:01 -0600


Started GET "/assets/catwoman.jpg" for 127.0.0.1 at 2016-02-17 21:18:01 -0600


Started GET "/assets/superman.jpg" for 127.0.0.1 at 2016-02-17 21:18:01 -0600


Started GET "/assets/batman.jpg" for 127.0.0.1 at 2016-02-17 21:18:01 -0600


Started GET "/assets/spiderman.jpg" for 127.0.0.1 at 2016-02-17 21:18:01 -0600


Started GET "/assets/background.jpg" for 127.0.0.1 at 2016-02-17 21:18:01 -0600


Started GET "/assets/logo.png" for 127.0.0.1 at 2016-02-17 21:18:01 -0600


Started GET "/assets/arrow.png" for 127.0.0.1 at 2016-02-17 21:18:01 -0600


Started GET "/assets/add.png" for 127.0.0.1 at 2016-02-17 21:18:01 -0600


Started GET "/movies" for 127.0.0.1 at 2016-02-17 21:18:16 -0600
Processing by MoviesController#index as HTML
  [1m[36mMovie Load (0.5ms)[0m  [1mSELECT "movies".* FROM "movies"  WHERE (released_on <= '2016-02-18 03:18:16.711950')  ORDER BY released_on desc[0m
  Rendered movies/index.html.erb within layouts/application (8.7ms)
  Rendered layouts/_header.html.erb (0.6ms)
  Rendered layouts/_sidebar.html.erb (0.6ms)
  Rendered layouts/_footer.html.erb (0.4ms)
Completed 200 OK in 118ms (Views: 116.2ms | ActiveRecord: 0.5ms)


Started GET "/movies" for 127.0.0.1 at 2016-02-17 21:18:22 -0600
Processing by MoviesController#index as HTML
  [1m[35mMovie Load (0.5ms)[0m  SELECT "movies".* FROM "movies"  WHERE (released_on <= '2016-02-18 03:18:22.979197')  ORDER BY released_on desc
  Rendered movies/index.html.erb within layouts/application (8.9ms)
  Rendered layouts/_header.html.erb (0.2ms)
  Rendered layouts/_sidebar.html.erb (0.2ms)
  Rendered layouts/_footer.html.erb (0.1ms)
Completed 200 OK in 98ms (Views: 95.9ms | ActiveRecord: 0.5ms)


Started GET "/movies/new" for 127.0.0.1 at 2016-02-17 21:18:23 -0600
Processing by MoviesController#new as HTML
  Rendered movies/_form.html.erb (34.5ms)
  Rendered movies/new.html.erb within layouts/application (37.8ms)
  Rendered layouts/_header.html.erb (0.1ms)
  Rendered layouts/_sidebar.html.erb (0.1ms)
  Rendered layouts/_footer.html.erb (0.0ms)
Completed 200 OK in 157ms (Views: 155.2ms | ActiveRecord: 0.0ms)


Started GET "/movies" for 127.0.0.1 at 2016-02-17 21:18:24 -0600
Processing by MoviesController#index as HTML
  [1m[36mMovie Load (0.3ms)[0m  [1mSELECT "movies".* FROM "movies"  WHERE (released_on <= '2016-02-18 03:18:24.481652')  ORDER BY released_on desc[0m
  Rendered movies/index.html.erb within layouts/application (6.2ms)
  Rendered layouts/_header.html.erb (0.1ms)
  Rendered layouts/_sidebar.html.erb (0.2ms)
  Rendered layouts/_footer.html.erb (0.1ms)
Completed 200 OK in 75ms (Views: 73.4ms | ActiveRecord: 0.3ms)


Started GET "/" for 127.0.0.1 at 2016-02-17 21:18:25 -0600
Processing by MoviesController#index as HTML
  [1m[35mMovie Load (0.4ms)[0m  SELECT "movies".* FROM "movies"  WHERE (released_on <= '2016-02-18 03:18:25.727273')  ORDER BY released_on desc
  Rendered movies/index.html.erb within layouts/application (8.2ms)
  Rendered layouts/_header.html.erb (0.1ms)
  Rendered layouts/_sidebar.html.erb (0.2ms)
  Rendered layouts/_footer.html.erb (0.1ms)
Completed 200 OK in 96ms (Views: 93.9ms | ActiveRecord: 0.4ms)


Started GET "/" for 127.0.0.1 at 2016-02-17 21:19:22 -0600
Processing by MoviesController#index as HTML
  [1m[36mMovie Load (0.5ms)[0m  [1mSELECT "movies".* FROM "movies"  WHERE (released_on <= '2016-02-18 03:19:22.803448')  ORDER BY released_on desc[0m
  Rendered movies/index.html.erb within layouts/application (9.5ms)
  Rendered layouts/_header.html.erb (0.1ms)
  Rendered layouts/_sidebar.html.erb (0.2ms)
  Rendered layouts/_footer.html.erb (0.1ms)
Completed 200 OK in 132ms (Views: 129.9ms | ActiveRecord: 0.5ms)


Started GET "/movies/1" for 127.0.0.1 at 2016-02-17 21:19:24 -0600
Processing by MoviesController#show as HTML
  Parameters: {"id"=>"1"}
  [1m[35mMovie Load (0.5ms)[0m  SELECT  "movies".* FROM "movies"  WHERE "movies"."id" = ? LIMIT 1  [["id", 1]]
  Rendered movies/show.html.erb within layouts/application (4.1ms)
  Rendered layouts/_header.html.erb (0.2ms)
  Rendered layouts/_sidebar.html.erb (0.2ms)
  Rendered layouts/_footer.html.erb (0.1ms)
Completed 200 OK in 95ms (Views: 91.2ms | ActiveRecord: 0.5ms)


Started GET "/movies/new" for 127.0.0.1 at 2016-02-17 21:19:27 -0600
Processing by MoviesController#new as HTML
  Rendered movies/_form.html.erb (11.8ms)
  Rendered movies/new.html.erb within layouts/application (13.1ms)
  Rendered layouts/_header.html.erb (0.1ms)
  Rendered layouts/_sidebar.html.erb (0.2ms)
  Rendered layouts/_footer.html.erb (0.1ms)
Completed 200 OK in 137ms (Views: 135.8ms | ActiveRecord: 0.0ms)


Started GET "/" for 127.0.0.1 at 2016-02-17 21:19:32 -0600
Processing by MoviesController#index as HTML
  [1m[36mMovie Load (0.3ms)[0m  [1mSELECT "movies".* FROM "movies"  WHERE (released_on <= '2016-02-18 03:19:32.039178')  ORDER BY released_on desc[0m
  Rendered movies/index.html.erb within layouts/application (5.6ms)
  Rendered layouts/_header.html.erb (0.1ms)
  Rendered layouts/_sidebar.html.erb (0.2ms)
  Rendered layouts/_footer.html.erb (0.1ms)
Completed 200 OK in 66ms (Views: 64.7ms | ActiveRecord: 0.3ms)
  [1m[36m (14.0ms)[0m  [1mCREATE TABLE "movies" ("id" INTEGER PRIMARY KEY AUTOINCREMENT NOT NULL, "title" varchar(255), "rating" varchar(255), "total_gross" decimal, "created_at" datetime, "updated_at" datetime, "description" text, "released_on" date, "cast" varchar(255), "director" varchar(255), "duration" varchar(255), "image_file_name" varchar(255)) [0m
  [1m[35m (14.4ms)[0m  CREATE TABLE "schema_migrations" ("version" varchar(255) NOT NULL) 
  [1m[36m (0.1ms)[0m  [1mselect sqlite_version(*)[0m
  [1m[35m (12.8ms)[0m  CREATE UNIQUE INDEX "unique_schema_migrations" ON "schema_migrations" ("version")
  [1m[36m (0.1ms)[0m  [1mSELECT version FROM "schema_migrations"[0m
  [1m[35m (14.2ms)[0m  INSERT INTO "schema_migrations" (version) VALUES ('20121210234158')
  [1m[36m (15.5ms)[0m  [1mINSERT INTO "schema_migrations" (version) VALUES ('20121121163535')[0m
  [1m[35m (75.8ms)[0m  INSERT INTO "schema_migrations" (version) VALUES ('20121121180707')


Started GET "/" for 127.0.0.1 at 2016-02-17 21:31:01 -0600
  [1m[36mActiveRecord::SchemaMigration Load (0.1ms)[0m  [1mSELECT "schema_migrations".* FROM "schema_migrations"[0m
Processing by MoviesController#index as HTML
  [1m[35mMovie Load (0.3ms)[0m  SELECT "movies".* FROM "movies"  WHERE (released_on <= '2016-02-18 03:31:01.288686')  ORDER BY released_on desc
  Rendered movies/index.html.erb within layouts/application (21.6ms)
  Rendered layouts/_header.html.erb (0.5ms)
  Rendered layouts/_sidebar.html.erb (0.5ms)
  Rendered layouts/_footer.html.erb (0.3ms)
Completed 200 OK in 168ms (Views: 157.4ms | ActiveRecord: 0.5ms)


Started GET "/assets/application.css?body=1" for 127.0.0.1 at 2016-02-17 21:31:01 -0600


Started GET "/assets/normalize.css?body=1" for 127.0.0.1 at 2016-02-17 21:31:01 -0600


Started GET "/assets/layout.css?body=1" for 127.0.0.1 at 2016-02-17 21:31:01 -0600


Started GET "/assets/elements.css?body=1" for 127.0.0.1 at 2016-02-17 21:31:01 -0600


Started GET "/assets/jquery.js?body=1" for 127.0.0.1 at 2016-02-17 21:31:01 -0600


Started GET "/assets/movies.css?body=1" for 127.0.0.1 at 2016-02-17 21:31:01 -0600


Started GET "/assets/turbolinks.js?body=1" for 127.0.0.1 at 2016-02-17 21:31:01 -0600


Started GET "/assets/jquery_ujs.js?body=1" for 127.0.0.1 at 2016-02-17 21:31:01 -0600


Started GET "/assets/buttons.css?body=1" for 127.0.0.1 at 2016-02-17 21:31:01 -0600


Started GET "/assets/forms.css?body=1" for 127.0.0.1 at 2016-02-17 21:31:01 -0600


Started GET "/assets/movies.js?body=1" for 127.0.0.1 at 2016-02-17 21:31:01 -0600


Started GET "/assets/application.js?body=1" for 127.0.0.1 at 2016-02-17 21:31:01 -0600


Started GET "/assets/ironman.jpg" for 127.0.0.1 at 2016-02-17 21:31:01 -0600


Started GET "/assets/catwoman.jpg" for 127.0.0.1 at 2016-02-17 21:31:02 -0600


Started GET "/assets/spiderman.jpg" for 127.0.0.1 at 2016-02-17 21:31:02 -0600


Started GET "/assets/batman.jpg" for 127.0.0.1 at 2016-02-17 21:31:02 -0600


Started GET "/assets/ironman.jpg" for 127.0.0.1 at 2016-02-17 21:31:02 -0600


Started GET "/assets/superman.jpg" for 127.0.0.1 at 2016-02-17 21:31:02 -0600


Started GET "/movies" for 127.0.0.1 at 2016-02-17 21:31:03 -0600
Processing by MoviesController#index as HTML
  [1m[36mMovie Load (0.4ms)[0m  [1mSELECT "movies".* FROM "movies"  WHERE (released_on <= '2016-02-18 03:31:03.654352')  ORDER BY released_on desc[0m
  Rendered movies/index.html.erb within layouts/application (9.8ms)
  Rendered layouts/_header.html.erb (0.6ms)
  Rendered layouts/_sidebar.html.erb (0.6ms)
  Rendered layouts/_footer.html.erb (0.4ms)
Completed 200 OK in 130ms (Views: 127.9ms | ActiveRecord: 0.4ms)


Started GET "/movies/1" for 127.0.0.1 at 2016-02-17 21:31:07 -0600
Processing by MoviesController#show as HTML
  Parameters: {"id"=>"1"}
  [1m[35mMovie Load (0.5ms)[0m  SELECT  "movies".* FROM "movies"  WHERE "movies"."id" = ? LIMIT 1  [["id", 1]]
  Rendered movies/show.html.erb within layouts/application (5.7ms)
  Rendered layouts/_header.html.erb (0.2ms)
  Rendered layouts/_sidebar.html.erb (0.2ms)
  Rendered layouts/_footer.html.erb (0.1ms)
Completed 200 OK in 95ms (Views: 90.0ms | ActiveRecord: 0.5ms)


Started GET "/" for 127.0.0.1 at 2016-02-17 21:31:58 -0600
Processing by MoviesController#index as HTML
  [1m[36mMovie Load (0.4ms)[0m  [1mSELECT "movies".* FROM "movies"  WHERE (released_on <= '2016-02-18 03:31:58.772352')  ORDER BY released_on desc[0m
  Rendered movies/index.html.erb within layouts/application (7.9ms)
  Rendered layouts/_header.html.erb (0.2ms)
  Rendered layouts/_sidebar.html.erb (0.2ms)
  Rendered layouts/_footer.html.erb (0.1ms)
Completed 200 OK in 92ms (Views: 90.2ms | ActiveRecord: 0.4ms)
